<?xml version="1.0" encoding="UTF-8"?>
<!-- Generated by org.testng.reporters.JUnitReportReporter -->
<testsuite hostname="DESKTOP-IS956AS" failures="0" tests="1" name="MerchantUI.ForgotpasswordPage" time="1.445" errors="0" timestamp="2022-08-08T22:52:55 IST" skipped="0">
  <testcase classname="MerchantUI.ForgotpasswordPage" name="ForgotPasswordCheck" time="1.445"/>
  <system-out/>
</testsuite> <!-- MerchantUI.ForgotpasswordPage -->
