<?xml version="1.0" encoding="UTF-8"?>
<!-- Generated by org.testng.reporters.JUnitReportReporter -->
<testsuite hostname="DESKTOP-IS956AS" failures="0" tests="6" name="MerchantUI.LoginPage" time="2.317" errors="0" timestamp="2022-06-24T11:21:27 IST" skipped="0">
  <testcase classname="MerchantUI.LoginPage" name="InvalidLoginAttempts" time="0.282"/>
  <system-out/>
  <testcase classname="MerchantUI.LoginPage" name="InvalidLoginAttempts" time="0.329"/>
  <system-out/>
  <testcase classname="MerchantUI.LoginPage" name="InvalidLoginAttempts" time="0.455"/>
  <system-out/>
  <testcase classname="MerchantUI.LoginPage" name="InvalidLoginAttempts" time="0.421"/>
  <system-out/>
  <testcase classname="MerchantUI.LoginPage" name="InvalidLoginAttempts" time="0.427"/>
  <system-out/>
  <testcase classname="MerchantUI.LoginPage" name="InvalidLoginAttempts" time="0.403"/>
  <system-out/>
</testsuite> <!-- MerchantUI.LoginPage -->
