<?xml version="1.0" encoding="UTF-8"?>
<!-- Generated by org.testng.reporters.JUnitReportReporter -->
<testsuite hostname="DESKTOP-IS956AS" failures="0" tests="1" name="MerchantUI.ForgotpasswordPage" time="0.781" errors="0" timestamp="2022-08-15T20:29:22 IST" skipped="0">
  <testcase classname="MerchantUI.ForgotpasswordPage" name="LoginButtonFunctionalityCheck" time="0.781"/>
  <system-out/>
</testsuite> <!-- MerchantUI.ForgotpasswordPage -->
