<?xml version="1.0" encoding="UTF-8"?>
<!-- Generated by org.testng.reporters.JUnitReportReporter -->
<testsuite hostname="DESKTOP-IS956AS" failures="0" tests="1" name="MerchantUI.SignupPage" time="0.978" errors="0" timestamp="2022-08-03T14:48:48 IST" skipped="0">
  <testcase classname="MerchantUI.SignupPage" name="IsPartnerLogoDisplayed" time="0.978"/>
  <system-out/>
</testsuite> <!-- MerchantUI.SignupPage -->
