<?xml version="1.0" encoding="UTF-8"?>
<!-- Generated by org.testng.reporters.JUnitReportReporter -->
<testsuite hostname="DESKTOP-IS956AS" failures="0" tests="1" name="MerchantUI.SignupPage" time="1.111" errors="0" timestamp="2022-06-28T22:14:22 IST" skipped="0">
  <testcase classname="MerchantUI.SignupPage" name="IsPartnerLogoDisplayed" time="1.111"/>
  <system-out/>
</testsuite> <!-- MerchantUI.SignupPage -->
